
6월 21, 2019 10:28:32.63 NEW SESSION
6월 21, 2019 10:28:32.63 [5732:9072:0621/102832.480:ERROR:platform_sensor_reader_win.cc(244)] NOT IMPLEMENTED
6월 21, 2019 14:11:04.39 [5732:8804:0621/141104.395:ERROR:textfield.cc(1758)] NOT IMPLEMENTED
6월 21, 2019 14:59:36.51 [5732:4720:0621/145936.509:ERROR:audio_manager_base.cc(363)] Invalid audio output parameters received; using fake audio path: format: 0, channel_layout: 0, channels: 0, sample_rate: 0, frames_per_buffer: 0, effects: 0, mic_positions: 
6월 21, 2019 15:00:07.76 [5732:4720:0621/150007.768:ERROR:audio_manager_base.cc(363)] Invalid audio output parameters received; using fake audio path: format: 0, channel_layout: 0, channels: 0, sample_rate: 0, frames_per_buffer: 0, effects: 0, mic_positions: 

6월 25, 2019 13:58:35.90 NEW SESSION
6월 25, 2019 13:58:35.90 [15588:6468:0625/135835.884:ERROR:http_bridge.cc(110)] NOT IMPLEMENTED
6월 25, 2019 13:58:36.26 [15588:3992:0625/135836.261:ERROR:browser_process_sub_thread.cc(221)] Waited 210 ms for network service
6월 25, 2019 14:01:57.76 [13456:11572:0625/140157.760:ERROR:textfield.cc(1758)] NOT IMPLEMENTED
6월 25, 2019 14:21:42.91 [13456:10876:0625/142142.912:ERROR:audio_manager_base.cc(363)] Invalid audio output parameters received; using fake audio path: format: 0, channel_layout: 0, channels: 0, sample_rate: 0, frames_per_buffer: 0, effects: 0, mic_positions: 
6월 25, 2019 14:22:03.52 [13456:10876:0625/142203.525:ERROR:audio_manager_base.cc(363)] Invalid audio output parameters received; using fake audio path: format: 0, channel_layout: 0, channels: 0, sample_rate: 0, frames_per_buffer: 0, effects: 0, mic_positions: 
6월 25, 2019 14:42:55.24 [13456:10876:0625/144255.241:ERROR:audio_manager_base.cc(363)] Invalid audio output parameters received; using fake audio path: format: 0, channel_layout: 0, channels: 0, sample_rate: 0, frames_per_buffer: 0, effects: 0, mic_positions: 
6월 25, 2019 14:43:27.22 [13456:10876:0625/144327.228:ERROR:audio_manager_base.cc(363)] Invalid audio output parameters received; using fake audio path: format: 0, channel_layout: 0, channels: 0, sample_rate: 0, frames_per_buffer: 0, effects: 0, mic_positions: 
6월 25, 2019 14:46:41.23 [13456:10876:0625/144641.239:ERROR:audio_manager_base.cc(363)] Invalid audio output parameters received; using fake audio path: format: 0, channel_layout: 0, channels: 0, sample_rate: 0, frames_per_buffer: 0, effects: 0, mic_positions: 
6월 25, 2019 14:49:28.64 [13456:10876:0625/144928.649:ERROR:audio_manager_base.cc(363)] Invalid audio output parameters received; using fake audio path: format: 0, channel_layout: 0, channels: 0, sample_rate: 0, frames_per_buffer: 0, effects: 0, mic_positions: 
6월 25, 2019 14:49:33.12 [13456:10876:0625/144933.119:ERROR:audio_manager_base.cc(363)] Invalid audio output parameters received; using fake audio path: format: 0, channel_layout: 0, channels: 0, sample_rate: 0, frames_per_buffer: 0, effects: 0, mic_positions: 
6월 25, 2019 14:49:57.97 [13456:10876:0625/144957.973:ERROR:audio_manager_base.cc(363)] Invalid audio output parameters received; using fake audio path: format: 0, channel_layout: 0, channels: 0, sample_rate: 0, frames_per_buffer: 0, effects: 0, mic_positions: 
6월 25, 2019 14:49:58.01 [13456:10876:0625/144958.014:ERROR:audio_manager_base.cc(363)] Invalid audio output parameters received; using fake audio path: format: 0, channel_layout: 0, channels: 0, sample_rate: 0, frames_per_buffer: 0, effects: 0, mic_positions: 
6월 25, 2019 14:49:58.34 [13456:10876:0625/144958.347:ERROR:audio_manager_base.cc(363)] Invalid audio output parameters received; using fake audio path: format: 0, channel_layout: 0, channels: 0, sample_rate: 0, frames_per_buffer: 0, effects: 0, mic_positions: 
6월 25, 2019 15:21:51.86 [13456:10876:0625/152151.863:ERROR:audio_manager_base.cc(363)] Invalid audio output parameters received; using fake audio path: format: 0, channel_layout: 0, channels: 0, sample_rate: 0, frames_per_buffer: 0, effects: 0, mic_positions: 
6월 25, 2019 15:35:29.45 [13456:10876:0625/153529.455:ERROR:audio_manager_base.cc(363)] Invalid audio output parameters received; using fake audio path: format: 0, channel_layout: 0, channels: 0, sample_rate: 0, frames_per_buffer: 0, effects: 0, mic_positions: 
6월 25, 2019 15:43:37.62 [13456:10876:0625/154337.624:ERROR:audio_manager_base.cc(363)] Invalid audio output parameters received; using fake audio path: format: 0, channel_layout: 0, channels: 0, sample_rate: 0, frames_per_buffer: 0, effects: 0, mic_positions: 
6월 25, 2019 15:43:37.78 [13456:10876:0625/154337.782:ERROR:audio_manager_base.cc(363)] Invalid audio output parameters received; using fake audio path: format: 0, channel_layout: 0, channels: 0, sample_rate: 0, frames_per_buffer: 0, effects: 0, mic_positions: 
6월 25, 2019 15:52:23.58 [13456:10876:0625/155223.585:ERROR:audio_manager_base.cc(363)] Invalid audio output parameters received; using fake audio path: format: 0, channel_layout: 0, channels: 0, sample_rate: 0, frames_per_buffer: 0, effects: 0, mic_positions: 
6월 25, 2019 16:27:06.98 [13456:11572:0625/162706.982:ERROR:http_bridge.cc(110)] NOT IMPLEMENTED
6월 25, 2019 16:27:07.32 [13456:5908:0625/162707.320:ERROR:browser_process_sub_thread.cc(221)] Waited 149 ms for network service
